<?xml version="1.0" encoding="UTF-8"?>
<!-- Generated by org.testng.reporters.JUnitReportReporter -->
<testsuite hostname="DESKTOP-7EECRMV" failures="0" tests="1" name="Cucumber.TestNGTestRunner" time="11.912" errors="0" timestamp="2024-08-20T12:54:29 UYT" skipped="0">
  <testcase classname="Cucumber.TestNGTestRunner" name="runScenario" time="11.912"/>
</testsuite> <!-- Cucumber.TestNGTestRunner -->
